0 info it worked if it ends with ok
1 verbose cli [ '/home/ubuntu/.nvm/versions/node/v6.11.2/bin/node',
1 verbose cli   '/home/ubuntu/.nvm/versions/node/v6.11.2/bin/npm',
1 verbose cli   'install',
1 verbose cli   '--save',
1 verbose cli   'mysql2/promise' ]
2 info using npm@3.10.10
3 info using node@v6.11.2
4 silly loadCurrentTree Starting
5 silly install loadCurrentTree
6 silly install readLocalPackageData
7 silly fetchPackageMetaData mysql2/promise
8 silly fetchOtherPackageData mysql2/promise
9 silly cache add args [ 'mysql2/promise', null ]
10 verbose cache add spec mysql2/promise
11 silly cache add parsed spec Result {
11 silly cache add   raw: 'mysql2/promise',
11 silly cache add   scope: null,
11 silly cache add   escapedName: null,
11 silly cache add   name: null,
11 silly cache add   rawSpec: 'mysql2/promise',
11 silly cache add   spec: 'github:mysql2/promise',
11 silly cache add   type: 'hosted',
11 silly cache add   hosted:
11 silly cache add    { type: 'github',
11 silly cache add      ssh: 'git@github.com:mysql2/promise.git',
11 silly cache add      sshUrl: 'git+ssh://git@github.com/mysql2/promise.git',
11 silly cache add      httpsUrl: 'git+https://github.com/mysql2/promise.git',
11 silly cache add      gitUrl: 'git://github.com/mysql2/promise.git',
11 silly cache add      shortcut: 'github:mysql2/promise',
11 silly cache add      directUrl: 'https://raw.githubusercontent.com/mysql2/promise/master/package.json' } }
12 verbose addRemoteGit caching mysql2/promise
13 verbose addRemoteGit mysql2/promise is a repository hosted by github
14 silly tryGitProto attempting to clone git://github.com/mysql2/promise.git
15 silly tryClone cloning mysql2/promise via git://github.com/mysql2/promise.git
16 verbose tryClone git-github-com-mysql2-promise-git-e90a0aa9 not in flight; caching
17 verbose correctMkdir /home/ubuntu/.npm/_git-remotes correctMkdir not in flight; initializing
18 info git [ 'clone',
18 info git   '--template=/home/ubuntu/.npm/_git-remotes/_templates',
18 info git   '--mirror',
18 info git   'git://github.com/mysql2/promise.git',
18 info git   '/home/ubuntu/.npm/_git-remotes/git-github-com-mysql2-promise-git-e90a0aa9' ]
19 verbose git clone --template=/home/ubuntu/.npm/_git-remotes/_templates --mirror git://github.com/mysql2/promise.git /home/ubuntu/.npm/_git-remotes/git-github-com-mysql2-promise-git-e90a0aa9: Cloning into bare repository '/home/ubuntu/.npm/_git-remotes/git-github-com-mysql2-promise-git-e90a0aa9'...
19 verbose git clone --template=/home/ubuntu/.npm/_git-remotes/_templates --mirror git://github.com/mysql2/promise.git /home/ubuntu/.npm/_git-remotes/git-github-com-mysql2-promise-git-e90a0aa9: fatal: remote error:
19 verbose git clone --template=/home/ubuntu/.npm/_git-remotes/_templates --mirror git://github.com/mysql2/promise.git /home/ubuntu/.npm/_git-remotes/git-github-com-mysql2-promise-git-e90a0aa9:   Repository not found.
20 silly tryHTTPS attempting to clone git+https://github.com/mysql2/promise.git
21 silly tryClone cloning mysql2/promise via git+https://github.com/mysql2/promise.git
22 verbose tryClone git-https-github-com-mysql2-promise-git-6d772260 not in flight; caching
23 verbose correctMkdir /home/ubuntu/.npm/_git-remotes correctMkdir not in flight; initializing
24 info git [ 'clone',
24 info git   '--template=/home/ubuntu/.npm/_git-remotes/_templates',
24 info git   '--mirror',
24 info git   'https://github.com/mysql2/promise.git',
24 info git   '/home/ubuntu/.npm/_git-remotes/git-https-github-com-mysql2-promise-git-6d772260' ]
25 verbose git clone --template=/home/ubuntu/.npm/_git-remotes/_templates --mirror https://github.com/mysql2/promise.git /home/ubuntu/.npm/_git-remotes/git-https-github-com-mysql2-promise-git-6d772260: Cloning into bare repository '/home/ubuntu/.npm/_git-remotes/git-https-github-com-mysql2-promise-git-6d772260'...
25 verbose git clone --template=/home/ubuntu/.npm/_git-remotes/_templates --mirror https://github.com/mysql2/promise.git /home/ubuntu/.npm/_git-remotes/git-https-github-com-mysql2-promise-git-6d772260: remote: Invalid username or password.
25 verbose git clone --template=/home/ubuntu/.npm/_git-remotes/_templates --mirror https://github.com/mysql2/promise.git /home/ubuntu/.npm/_git-remotes/git-https-github-com-mysql2-promise-git-6d772260: fatal: Authentication failed for 'https://github.com/mysql2/promise.git/'
26 silly trySSH attempting to clone git@github.com:mysql2/promise.git
27 silly tryClone cloning mysql2/promise via git@github.com:mysql2/promise.git
28 verbose tryClone git-github-com-mysql2-promise-git-ab2938bd not in flight; caching
29 verbose correctMkdir /home/ubuntu/.npm/_git-remotes correctMkdir not in flight; initializing
30 info git [ 'clone',
30 info git   '--template=/home/ubuntu/.npm/_git-remotes/_templates',
30 info git   '--mirror',
30 info git   'git@github.com:mysql2/promise.git',
30 info git   '/home/ubuntu/.npm/_git-remotes/git-github-com-mysql2-promise-git-ab2938bd' ]
31 error git clone --template=/home/ubuntu/.npm/_git-remotes/_templates --mirror git@github.com:mysql2/promise.git /home/ubuntu/.npm/_git-remotes/git-github-com-mysql2-promise-git-ab2938bd: Cloning into bare repository '/home/ubuntu/.npm/_git-remotes/git-github-com-mysql2-promise-git-ab2938bd'...
31 error git clone --template=/home/ubuntu/.npm/_git-remotes/_templates --mirror git@github.com:mysql2/promise.git /home/ubuntu/.npm/_git-remotes/git-github-com-mysql2-promise-git-ab2938bd: Warning: Permanently added 'github.com,192.30.253.113' (RSA) to the list of known hosts.
31 error git clone --template=/home/ubuntu/.npm/_git-remotes/_templates --mirror git@github.com:mysql2/promise.git /home/ubuntu/.npm/_git-remotes/git-github-com-mysql2-promise-git-ab2938bd: ERROR: Repository not found.
31 error git clone --template=/home/ubuntu/.npm/_git-remotes/_templates --mirror git@github.com:mysql2/promise.git /home/ubuntu/.npm/_git-remotes/git-github-com-mysql2-promise-git-ab2938bd: fatal: Could not read from remote repository.
31 error git clone --template=/home/ubuntu/.npm/_git-remotes/_templates --mirror git@github.com:mysql2/promise.git /home/ubuntu/.npm/_git-remotes/git-github-com-mysql2-promise-git-ab2938bd:
31 error git clone --template=/home/ubuntu/.npm/_git-remotes/_templates --mirror git@github.com:mysql2/promise.git /home/ubuntu/.npm/_git-remotes/git-github-com-mysql2-promise-git-ab2938bd: Please make sure you have the correct access rights
31 error git clone --template=/home/ubuntu/.npm/_git-remotes/_templates --mirror git@github.com:mysql2/promise.git /home/ubuntu/.npm/_git-remotes/git-github-com-mysql2-promise-git-ab2938bd: and the repository exists.
32 silly fetchPackageMetaData Error: Command failed: git clone --template=/home/ubuntu/.npm/_git-remotes/_templates --mirror git@github.com:mysql2/promise.git /home/ubuntu/.npm/_git-remotes/git-github-com-mysql2-promise-git-ab2938bd
32 silly fetchPackageMetaData Cloning into bare repository '/home/ubuntu/.npm/_git-remotes/git-github-com-mysql2-promise-git-ab2938bd'...
32 silly fetchPackageMetaData Warning: Permanently added 'github.com,192.30.253.113' (RSA) to the list of known hosts.
32 silly fetchPackageMetaData ERROR: Repository not found.
32 silly fetchPackageMetaData fatal: Could not read from remote repository.
32 silly fetchPackageMetaData
32 silly fetchPackageMetaData Please make sure you have the correct access rights
32 silly fetchPackageMetaData and the repository exists.
32 silly fetchPackageMetaData
32 silly fetchPackageMetaData     at ChildProcess.exithandler (child_process.js:198:12)
32 silly fetchPackageMetaData     at emitTwo (events.js:106:13)
32 silly fetchPackageMetaData     at ChildProcess.emit (events.js:191:7)
32 silly fetchPackageMetaData     at maybeClose (internal/child_process.js:891:16)
32 silly fetchPackageMetaData     at Socket.<anonymous> (internal/child_process.js:342:11)
32 silly fetchPackageMetaData     at emitOne (events.js:96:13)
32 silly fetchPackageMetaData     at Socket.emit (events.js:188:7)
32 silly fetchPackageMetaData     at Pipe._handle.close [as _onclose] (net.js:497:12)
32 silly fetchPackageMetaData  error for mysql2/promise { Error: Command failed: git clone --template=/home/ubuntu/.npm/_git-remotes/_templates --mirror git@github.com:mysql2/promise.git /home/ubuntu/.npm/_git-remotes/git-github-com-mysql2-promise-git-ab2938bd
32 silly fetchPackageMetaData Cloning into bare repository '/home/ubuntu/.npm/_git-remotes/git-github-com-mysql2-promise-git-ab2938bd'...
32 silly fetchPackageMetaData Warning: Permanently added 'github.com,192.30.253.113' (RSA) to the list of known hosts.
32 silly fetchPackageMetaData ERROR: Repository not found.
32 silly fetchPackageMetaData fatal: Could not read from remote repository.
32 silly fetchPackageMetaData
32 silly fetchPackageMetaData Please make sure you have the correct access rights
32 silly fetchPackageMetaData and the repository exists.
32 silly fetchPackageMetaData
32 silly fetchPackageMetaData     at ChildProcess.exithandler (child_process.js:198:12)
32 silly fetchPackageMetaData     at emitTwo (events.js:106:13)
32 silly fetchPackageMetaData     at ChildProcess.emit (events.js:191:7)
32 silly fetchPackageMetaData     at maybeClose (internal/child_process.js:891:16)
32 silly fetchPackageMetaData     at Socket.<anonymous> (internal/child_process.js:342:11)
32 silly fetchPackageMetaData     at emitOne (events.js:96:13)
32 silly fetchPackageMetaData     at Socket.emit (events.js:188:7)
32 silly fetchPackageMetaData     at Pipe._handle.close [as _onclose] (net.js:497:12)
32 silly fetchPackageMetaData   killed: false,
32 silly fetchPackageMetaData   code: 128,
32 silly fetchPackageMetaData   signal: null,
32 silly fetchPackageMetaData   cmd: 'git clone --template=/home/ubuntu/.npm/_git-remotes/_templates --mirror git@github.com:mysql2/promise.git /home/ubuntu/.npm/_git-remotes/git-github-com-mysql2-promise-git-ab2938bd' }
33 silly rollbackFailedOptional Starting
34 silly rollbackFailedOptional Finishing
35 silly runTopLevelLifecycles Finishing
36 silly install printInstalled
37 verbose stack Error: Command failed: git clone --template=/home/ubuntu/.npm/_git-remotes/_templates --mirror git@github.com:mysql2/promise.git /home/ubuntu/.npm/_git-remotes/git-github-com-mysql2-promise-git-ab2938bd
37 verbose stack Cloning into bare repository '/home/ubuntu/.npm/_git-remotes/git-github-com-mysql2-promise-git-ab2938bd'...
37 verbose stack Warning: Permanently added 'github.com,192.30.253.113' (RSA) to the list of known hosts.
37 verbose stack ERROR: Repository not found.
37 verbose stack fatal: Could not read from remote repository.
37 verbose stack
37 verbose stack Please make sure you have the correct access rights
37 verbose stack and the repository exists.
37 verbose stack
37 verbose stack     at ChildProcess.exithandler (child_process.js:198:12)
37 verbose stack     at emitTwo (events.js:106:13)
37 verbose stack     at ChildProcess.emit (events.js:191:7)
37 verbose stack     at maybeClose (internal/child_process.js:891:16)
37 verbose stack     at Socket.<anonymous> (internal/child_process.js:342:11)
37 verbose stack     at emitOne (events.js:96:13)
37 verbose stack     at Socket.emit (events.js:188:7)
37 verbose stack     at Pipe._handle.close [as _onclose] (net.js:497:12)
38 verbose cwd /home/ubuntu/workspace
39 error Linux 4.9.80-c9
40 error argv "/home/ubuntu/.nvm/versions/node/v6.11.2/bin/node" "/home/ubuntu/.nvm/versions/node/v6.11.2/bin/npm" "install" "--save" "mysql2/promise"
41 error node v6.11.2
42 error npm  v3.10.10
43 error code 128
44 error Command failed: git clone --template=/home/ubuntu/.npm/_git-remotes/_templates --mirror git@github.com:mysql2/promise.git /home/ubuntu/.npm/_git-remotes/git-github-com-mysql2-promise-git-ab2938bd
44 error Cloning into bare repository '/home/ubuntu/.npm/_git-remotes/git-github-com-mysql2-promise-git-ab2938bd'...
44 error Warning: Permanently added 'github.com,192.30.253.113' (RSA) to the list of known hosts.
44 error ERROR: Repository not found.
44 error fatal: Could not read from remote repository.
44 error
44 error Please make sure you have the correct access rights
44 error and the repository exists.
45 error If you need help, you may report this error at:
45 error     <https://github.com/npm/npm/issues>
46 verbose exit [ 1, true ]
